<?xml version="1.0" encoding="UTF-8"?>
<testng-results ignored="0" total="1" passed="1" failed="0" skipped="0">
  <reporter-output>
  </reporter-output>
  <suite started-at="2026-02-26T18:14:08 IST" name="Surefire suite" finished-at="2026-02-26T18:14:08 IST" duration-ms="78">
    <groups>
    </groups>
    <test started-at="2026-02-26T18:14:08 IST" name="Surefire test" finished-at="2026-02-26T18:14:08 IST" duration-ms="78">
      <class name="tests.SampleTest">
        <test-method signature="testMethod()[pri:0, instance:tests.SampleTest@314c508a]" started-at="2026-02-26T18:14:08 IST" name="testMethod" finished-at="2026-02-26T18:14:08 IST" duration-ms="11" status="PASS">
          <reporter-output>
          </reporter-output>
        </test-method> <!-- testMethod -->
      </class> <!-- tests.SampleTest -->
    </test> <!-- Surefire test -->
  </suite> <!-- Surefire suite -->
</testng-results>
