<?xml version="1.0" encoding="UTF-8"?>
<testng-results ignored="0" total="1" passed="1" failed="0" skipped="0">
  <reporter-output>
  </reporter-output>
  <suite started-at="2026-02-27T11:51:58 IST" name="Default suite" finished-at="2026-02-27T11:51:58 IST" duration-ms="97">
    <groups>
    </groups>
    <test started-at="2026-02-27T11:51:58 IST" name="Default test" finished-at="2026-02-27T11:51:58 IST" duration-ms="97">
      <class name="TestNG.AssertionTest">
        <test-method signature="verifyTitle()[pri:0, instance:TestNG.AssertionTest@38c6f217]" started-at="2026-02-27T11:51:58 IST" name="verifyTitle" finished-at="2026-02-27T11:51:58 IST" duration-ms="20" status="PASS">
          <reporter-output>
          </reporter-output>
        </test-method> <!-- verifyTitle -->
      </class> <!-- TestNG.AssertionTest -->
    </test> <!-- Default test -->
  </suite> <!-- Default suite -->
</testng-results>
