<?xml version="1.0" encoding="UTF-8"?>
<!-- Generated by org.testng.reporters.JUnitReportReporter -->
<testsuite hostname="LAPTOP-THGRT1O4" failures="0" tests="3" name="TestNG.TestClass" time="0.023" errors="0" timestamp="2026-03-02T12:40:58 IST" skipped="0">
  <testcase classname="TestNG.TestClass" name="test2" time="0.002"/>
  <testcase classname="TestNG.TestClass" name="test3" time="0.004"/>
  <testcase classname="TestNG.TestClass" name="test1" time="0.017"/>
</testsuite> <!-- TestNG.TestClass -->
