<?xml version="1.0" encoding="UTF-8"?>
<!-- Generated by org.testng.reporters.JUnitReportReporter -->
<testsuite hostname="LAPTOP-THGRT1O4" failures="0" tests="5" name="TestNG.APIExample" time="6.864" errors="0" timestamp="2026-02-20T14:51:20 IST" skipped="0">
  <testcase classname="TestNG.APIExample" name="getAllUsers" time="2.330"/>
  <testcase classname="TestNG.APIExample" name="getSingleUser" time="1.147"/>
  <testcase classname="TestNG.APIExample" name="createUser" time="1.184"/>
  <testcase classname="TestNG.APIExample" name="updateUser" time="0.992"/>
  <testcase classname="TestNG.APIExample" name="deleteUser" time="1.211"/>
</testsuite> <!-- TestNG.APIExample -->
