<?xml version="1.0" encoding="UTF-8"?>
<!-- Generated by org.testng.reporters.JUnitXMLReporter -->
<testsuite ignored="0" hostname="LAPTOP-THGRT1O4" failures="1" tests="1" name="LoginTests" time="1.627" errors="0" timestamp="2026-02-27T17:11:51 IST">
  <testcase classname="tests.LoginTest" name="testLogin" time="0.0">
    <failure type="java.lang.RuntimeException" message="java.lang.RuntimeException: Sheet not found: LoginData">
      <![CDATA[java.lang.RuntimeException: java.lang.RuntimeException: Sheet not found: LoginData
at java.base/java.util.ArrayList.forEach(ArrayList.java:1604)
Caused by: java.lang.RuntimeException: Sheet not found: LoginData
at utils.ExcelUtils.getExcelData(ExcelUtils.java:21)
at tests.LoginTest.getLoginData(LoginTest.java:21)
... 25 more
... Removed 30 stack frames]]>
    </failure>
  </testcase> <!-- testLogin -->
</testsuite> <!-- LoginTests -->
