<?xml version="1.0" encoding="UTF-8"?>
<!-- Generated by org.testng.reporters.JUnitXMLReporter -->
<testsuite ignored="0" hostname="LAPTOP-THGRT1O4" failures="0" tests="3" name="Default test" time="0.097" errors="0" timestamp="2026-03-02T12:40:58 IST">
  <testcase classname="TestNG.TestClass" name="test1" time="0.017"/>
  <testcase classname="TestNG.TestClass" name="test2" time="0.002"/>
  <testcase classname="TestNG.TestClass" name="test3" time="0.004"/>
</testsuite> <!-- Default test -->
