<?xml version="1.0" encoding="UTF-8"?>
<testng-results ignored="0" total="1" passed="1" failed="0" skipped="0">
  <reporter-output>
  </reporter-output>
  <suite started-at="2026-02-26T18:17:12 IST" name="Default suite" finished-at="2026-02-26T18:17:12 IST" duration-ms="100">
    <groups>
    </groups>
    <test started-at="2026-02-26T18:17:12 IST" name="Default test" finished-at="2026-02-26T18:17:12 IST" duration-ms="100">
      <class name="tests.SampleTest">
        <test-method signature="testMethod()[pri:0, instance:tests.SampleTest@3aefe5e5]" started-at="2026-02-26T18:17:12 IST" name="testMethod" finished-at="2026-02-26T18:17:12 IST" duration-ms="25" status="PASS">
          <reporter-output>
          </reporter-output>
        </test-method> <!-- testMethod -->
      </class> <!-- tests.SampleTest -->
    </test> <!-- Default test -->
  </suite> <!-- Default suite -->
</testng-results>
